[atul999.wixsite.com/pricing.html]
[static.parastorage.com/unpkg/core-js-bundle@3.2.1/minified.js]
[static.parastorage.com/unpkg/focus-within-polyfill@5.0.9/dist/focus-within-polyfill.js]
[polyfill-fastly.io/v3/polyfill.mind82c.js]
[atul999.wixsite.com/location.4.delayed]
[backblue.gif]
[fade.gif]
[index.html]
[atul999.wixsite.com/pricing/blog-feed.xml]
[atul999.wixsite.com/index.html]
[atul999.wixsite.com/pricing/solutions.html]
[atul999.wixsite.com/pricing/vision.html]
[atul999.wixsite.com/pricing/programs.html]
[atul999.wixsite.com/pricing/blog.html]
[atul999.wixsite.com/pricing/shop.html]
[atul999.wixsite.com/pricing/plans-pricing.html]
[atul999.wixsite.com/pricing/get-started.html]
[atul999.wixsite.com/pricing/cart-page.html]
[static.wixstatic.com/media/c837a6_eb322a4179e54d788eef6896e67f05d0_mv2.jpg/v1/fill/w_98,h_55,al_c,q_80,usm_0.66_1.00_0.01,blur_2,enc_auto/c837a6_eb322a4179e54d788eef6896e67f05d0_mv2.jpg]
[static.wixstatic.com/media/c837a6_41aece62e57346379d12018aece18ea2_mv2.jpg/v1/fill/w_122,h_128,al_c,q_80,usm_0.66_1.00_0.01,blur_2,enc_auto/c837a6_41aece62e57346379d12018aece18ea2_mv2.jpg]
[static.wixstatic.com/media/c837a6_d11c6c437c0f4feb9de8591b42ead168_mv2.jpg/v1/fill/w_147,h_79,al_c,q_80,usm_0.66_1.00_0.01,blur_2,enc_auto/c837a6_d11c6c437c0f4feb9de8591b42ead168_mv2.jpg]
[static.wixstatic.com/media/c837a6_def52106c3644d81827598294297c6b6_mv2.png/v1/fill/w_134,h_40,al_c,q_85,usm_0.66_1.00_0.01,blur_3,enc_auto/Group 16.png]
[static.wixstatic.com/media/c837a6_c30ebf8c66f24efaaa20d000079f76c7_mv2.png/v1/fill/w_99,h_64,al_c,q_85,usm_0.66_1.00_0.01,blur_3,enc_auto/Group 28.png]
[static.wixstatic.com/media/c837a6_02aaf8e59c6647aaac518fec8d5dd3d3_mv2.png/v1/fill/w_149,h_33,al_c,q_85,usm_0.66_1.00_0.01,blur_3,enc_auto/Group 20.png]
[static.wixstatic.com/media/c837a6_affc426fdd1a4284b30463713e36b567_mv2.png/v1/fill/w_96,h_44,al_c,q_85,usm_0.66_1.00_0.01,blur_3,enc_auto/Group 17.png]
[static.wixstatic.com/media/c837a6_0f9a4576e86442e3b124952322acdd72_mv2.jpg/v1/fill/w_105,h_59,al_c,q_80,usm_0.66_1.00_0.01,blur_2,enc_auto/c837a6_0f9a4576e86442e3b124952322acdd72_mv2.jpg]
[static.wixstatic.com/media/c837a6_159e86d4444649fcada7bff77ae670adf000.png/v1/fill/w_125,h_125,al_c,q_85,usm_0.66_1.00_0.01,blur_2,enc_auto/c837a6_159e86d4444649fcada7bff77ae670adf000.png]
[browser.sentry-cdn.com/6.18.2/bundle.min.js]
[atul999.wixsite.com/sitemap.18.delayed]
[atul999.wixsite.com/feed.19.delayed]
[atul999.wixsite.com/${n.1a.delayed]
[static.parastorage.com/services/wix-thunderbolt/dist/thunderbolt-commons.35876736.bundle.min.js]
[static.parastorage.com/services/wix-thunderbolt/dist/main.cd290f82.bundle.min.js]
[static.parastorage.com/services/wix-thunderbolt/dist/main.renderer.1d21f023.bundle.min.js]
[static.parastorage.com/unpkg/lodash@4.17.21/lodash.min.js]
[static.parastorage.com/unpkg/react@18.3.1/umd/react.production.min.js]
[static.parastorage.com/unpkg/react-dom@18.3.1/umd/react-dom.production.min.js]
[atul999.wixsite.com/decodeURIComponent(e.21.delayed]
[static.parastorage.com/services/tag-manager-client/1.844.0/siteTags.bundle.min.js]
[atul999.wixsite.com/pricing.html]
[atul999.wixsite.com/location.html]
[atul999.wixsite.com/index.html]
[static.parastorage.com/services/wix-perf-measure/1.1095.0/wix-perf-measure.umd.min.js]
[atul999.wixsite.com/pricing/location.24.delayed]
[static.wixstatic.com/media/c837a6_3f53cdbff83b47b19a97bd35c767333c_mv2.jpg/v1/fill/w_147,h_83,al_c,q_80,usm_0.66_1.00_0.01,blur_2,enc_auto/c837a6_3f53cdbff83b47b19a97bd35c767333c_mv2.jpg]
[static.wixstatic.com/media/c837a6_41007e02b626433b850e5cfc4f2fb91d_mv2.jpg/v1/fill/w_98,h_52,al_c,q_80,usm_0.66_1.00_0.01,blur_2,enc_auto/c837a6_41007e02b626433b850e5cfc4f2fb91d_mv2.jpg]
[atul999.wixsite.com/pricing/robots.27.delayed]
[atul999.wixsite.com/pricing/sitemap.xml]
[atul999.wixsite.com/pricing/feed.29.delayed]
[atul999.wixsite.com/pricing/${n.2a.delayed]
[atul999.wixsite.com/pricing/decodeURIComponent(e.2b.delayed]
[atul999.wixsite.com/pricing/solutions.html]
[static.wixstatic.com/media/c837a6_a56caf65f5424508937c5d7a4ced1619_mv2.jpg/v1/fill/w_98,h_55,al_c,q_80,usm_0.66_1.00_0.01,blur_2,enc_auto/c837a6_a56caf65f5424508937c5d7a4ced1619_mv2.jpg]
[static.wixstatic.com/media/c837a6_e166632dd5264456b9b5beba3bd949dd_mv2.jpg/v1/fill/w_98,h_55,al_c,q_80,usm_0.66_1.00_0.01,blur_2,enc_auto/c837a6_e166632dd5264456b9b5beba3bd949dd_mv2.jpg]
[atul999.wixsite.com/pricing/vision.html]
[atul999.wixsite.com/pricing/challenge-page/277fbd89-775b-4464-ae08-d4087620fbfa.html]
[atul999.wixsite.com/pricing/challenge-page/4816bf27-5e4f-4633-9647-ffe421f1fb3d.html]
[atul999.wixsite.com/pricing/programs.html]
[atul999.wixsite.com/pricing/challenge-page/5d39a06c-f262-43c7-ac7e-44ddab4501a0.html]
[static.parastorage.com/services/communities-blog-ooi/1.1781.0/client-viewer/7324.chunk.min.js]
[static.parastorage.com/services/communities-blog-ooi/1.1781.0/client-viewer/3013.chunk.min.js]
[static.parastorage.com/services/communities-blog-ooi/1.1781.0/client-viewer/post-list-pro-gallery.chunk.min.js]
[static.wixstatic.com/media/c837a6_3f53cdbff83b47b19a97bd35c767333c_mv2.jpg/v1/fill/w_133,h_75,al_c,q_80,usm_0.66_1.00_0.01,blur_2,enc_auto/c837a6_3f53cdbff83b47b19a97bd35c767333c_mv2.jpg]
[atul999.wixsite.com/pricing/post/8-technology-trends-that-will-dominate-this-year.html]
[atul999.wixsite.com/pricing/post/big-data-101-an-introduction-to-data-query-engines.html]
[atul999.wixsite.com/pricing/post/the-online-database-migration-guide.html]
[atul999.wixsite.com/pricing/post/top-data-integration-use-cases-for-the-year-ahead.html]
[atul999.wixsite.com/pricing/post/top-10-sales-skills-you-must-master.html]
[atul999.wixsite.com/pricing/post/now-is-the-time-for-revenue-intelligence.html]
[atul999.wixsite.com/pricing/post/how-to-make-data-science-workflow-efficient.html]
[atul999.wixsite.com/pricing/blog.html]
[atul999.wixsite.com/pricing/post/you-have-your-sales-forecast-now-what.html]
[static.wixstatic.com/media/a9ff3b_9928686dcfa740bd802821d0b6f4ac03.jpg/v1/fill/w_147,h_147,al_c,q_80,usm_0.66_1.00_0.01,blur_2,enc_auto/a9ff3b_9928686dcfa740bd802821d0b6f4ac03.jpg]
[atul999.wixsite.com/pricing/product-page/i-m-a-product.html]
[static.wixstatic.com/media/a9ff3b_b2039d1e6a954631a41b85d674400f19.jpg/v1/fill/w_147,h_147,al_c,q_80,usm_0.66_1.00_0.01,blur_2,enc_auto/a9ff3b_b2039d1e6a954631a41b85d674400f19.jpg]
[static.wixstatic.com/media/a9ff3b_1eec973ae9eb43f4bca9876e5d90f6fa.jpg/v1/fill/w_147,h_147,al_c,q_80,usm_0.66_1.00_0.01,blur_2,enc_auto/a9ff3b_1eec973ae9eb43f4bca9876e5d90f6fa.jpg]
[atul999.wixsite.com/pricing/product-page/i-m-a-product-1.html]
[static.wixstatic.com/media/a9ff3b_4b1550da0a014dea9d8dca081ce5b424.jpg/v1/fill/w_147,h_147,al_c,q_80,usm_0.66_1.00_0.01,blur_2,enc_auto/a9ff3b_4b1550da0a014dea9d8dca081ce5b424.jpg]
[static.wixstatic.com/media/a9ff3b_119100d8c0144221b2f6733f4d205d2e.jpg/v1/fill/w_147,h_147,al_c,q_80,usm_0.66_1.00_0.01,blur_2,enc_auto/a9ff3b_119100d8c0144221b2f6733f4d205d2e.jpg]
[atul999.wixsite.com/pricing/product-page/i-m-a-product-2.html]
[static.wixstatic.com/media/a9ff3b_2dc1e209d10945a7b4329d2328dfcd7b.jpg/v1/fill/w_147,h_147,al_c,q_80,usm_0.66_1.00_0.01,blur_2,enc_auto/a9ff3b_2dc1e209d10945a7b4329d2328dfcd7b.jpg]
[static.wixstatic.com/media/a9ff3b_c6158b4d41784ae8b08337a331e1de7f.jpg/v1/fill/w_147,h_147,al_c,q_80,usm_0.66_1.00_0.01,blur_2,enc_auto/a9ff3b_c6158b4d41784ae8b08337a331e1de7f.jpg]
[atul999.wixsite.com/pricing/product-page/i-m-a-product-3.html]
[static.wixstatic.com/media/a9ff3b_4181ada6b8024111b57df31ca9a73863.jpg/v1/fill/w_147,h_147,al_c,q_80,usm_0.66_1.00_0.01,blur_2,enc_auto/a9ff3b_4181ada6b8024111b57df31ca9a73863.jpg]
[static.wixstatic.com/media/a9ff3b_03155a7e79bd4cca9aaf3f0e98378100.jpg/v1/fill/w_147,h_147,al_c,q_80,usm_0.66_1.00_0.01,blur_2,enc_auto/a9ff3b_03155a7e79bd4cca9aaf3f0e98378100.jpg]
[atul999.wixsite.com/pricing/product-page/i-m-a-product-4.html]
[static.wixstatic.com/media/a9ff3b_4121bbe6516d48278536acade5b02421.jpg/v1/fill/w_147,h_147,al_c,q_80,usm_0.66_1.00_0.01,blur_2,enc_auto/a9ff3b_4121bbe6516d48278536acade5b02421.jpg]
[static.wixstatic.com/media/a9ff3b_5bc54b597d67423d8022157cef968f7b.jpg/v1/fill/w_147,h_147,al_c,q_80,usm_0.66_1.00_0.01,blur_2,enc_auto/a9ff3b_5bc54b597d67423d8022157cef968f7b.jpg]
[atul999.wixsite.com/pricing/product-page/i-m-a-product-5.html]
[static.wixstatic.com/media/a9ff3b_1e66a0a1739b419093a0a7ad9fd2b029.jpg/v1/fill/w_147,h_147,al_c,q_80,usm_0.66_1.00_0.01,blur_2,enc_auto/a9ff3b_1e66a0a1739b419093a0a7ad9fd2b029.jpg]
[static.wixstatic.com/media/a9ff3b_5e32b6d9419343c29c68e9173b5461e0.jpg/v1/fill/w_147,h_147,al_c,q_80,usm_0.66_1.00_0.01,blur_2,enc_auto/a9ff3b_5e32b6d9419343c29c68e9173b5461e0.jpg]
[static.wixstatic.com/media/a9ff3b_a71f9a5bd820418dbafbf56578b34c2a.jpg/v1/fill/w_147,h_147,al_c,q_80,usm_0.66_1.00_0.01,blur_2,enc_auto/a9ff3b_a71f9a5bd820418dbafbf56578b34c2a.jpg]
[atul999.wixsite.com/pricing/product-page/i-m-a-product-6.html]
[static.wixstatic.com/media/a9ff3b_ea68bd8398ac489a8e4e8b99755f96b0.jpg/v1/fill/w_147,h_147,al_c,q_80,usm_0.66_1.00_0.01,blur_2,enc_auto/a9ff3b_ea68bd8398ac489a8e4e8b99755f96b0.jpg]
[atul999.wixsite.com/pricing/product-page/i-m-a-product-7.html]
[static.wixstatic.com/media/a9ff3b_a943ab358e5b4980be1f449ea375e949.jpg/v1/fill/w_147,h_147,al_c,q_80,usm_0.66_1.00_0.01,blur_2,enc_auto/a9ff3b_a943ab358e5b4980be1f449ea375e949.jpg]
[static.wixstatic.com/media/a9ff3b_849d96e85f044bc7ae0a47f78d9a898b.jpg/v1/fill/w_147,h_147,al_c,q_80,usm_0.66_1.00_0.01,blur_2,enc_auto/a9ff3b_849d96e85f044bc7ae0a47f78d9a898b.jpg]
[atul999.wixsite.com/pricing/product-page/i-m-a-product-8.html]
[static.wixstatic.com/media/a9ff3b_bdeb8c91d120488a9cdc483553fc87de.jpg/v1/fill/w_147,h_147,al_c,q_80,usm_0.66_1.00_0.01,blur_2,enc_auto/a9ff3b_bdeb8c91d120488a9cdc483553fc87de.jpg]
[atul999.wixsite.com/pricing/product-page/i-m-a-product-9.html]
[static.wixstatic.com/media/a9ff3b_18ef3d9c8058444ea08059329237a1f2.jpg/v1/fill/w_147,h_147,al_c,q_80,usm_0.66_1.00_0.01,blur_2,enc_auto/a9ff3b_18ef3d9c8058444ea08059329237a1f2.jpg]
[static.wixstatic.com/media/a9ff3b_a7a3f25cb2fb46dcabf34d079498f371.jpg/v1/fill/w_147,h_147,al_c,q_80,usm_0.66_1.00_0.01,blur_2,enc_auto/a9ff3b_a7a3f25cb2fb46dcabf34d079498f371.jpg]
[static.wixstatic.com/media/a9ff3b_f9b427f2017641468a0b939aa26777b5.jpg/v1/fill/w_147,h_147,al_c,q_80,usm_0.66_1.00_0.01,blur_2,enc_auto/a9ff3b_f9b427f2017641468a0b939aa26777b5.jpg]
[static.wixstatic.com/media/a9ff3b_368c28dfbd9a4a47a7db85fe6c956996.jpg/v1/fill/w_147,h_147,al_c,q_80,usm_0.66_1.00_0.01,blur_2,enc_auto/a9ff3b_368c28dfbd9a4a47a7db85fe6c956996.jpg]
[atul999.wixsite.com/pricing/product-page/i-m-a-product-10.html]
[atul999.wixsite.com/pricing/product-page/i-m-a-product-11.html]
[static.wixstatic.com/media/a9ff3b_ed3b544c319b4fad9c222c791a997832.jpg/v1/fill/w_147,h_147,al_c,q_80,usm_0.66_1.00_0.01,blur_2,enc_auto/a9ff3b_ed3b544c319b4fad9c222c791a997832.jpg]
[static.wixstatic.com/media/a9ff3b_779cdb925bf04bf58be912cb8a946432.jpg/v1/fill/w_147,h_147,al_c,q_80,usm_0.66_1.00_0.01,blur_2,enc_auto/a9ff3b_779cdb925bf04bf58be912cb8a946432.jpg]
[atul999.wixsite.com/pricing/shop.html]
[atul999.wixsite.com/pricing/plans-pricing.html]
[atul999.wixsite.com/pricing/get-started.html]
[atul999.wixsite.com/pricing/cart-page.html]
[atul999.wixsite.com/sitemap.html]
[atul999.wixsite.com/feed.html]
[atul999.wixsite.com/${n.html]
[atul999.wixsite.com/decodeURIComponent(e.html]
[atul999.wixsite.com/pricing/location.html]
[atul999.wixsite.com/pricing/robots.html]
[atul999.wixsite.com/pricing/feed.html]
[atul999.wixsite.com/pricing/${n.html]
[atul999.wixsite.com/pricing/decodeURIComponent(e.html]
[static.parastorage.com/services/challenges-web-ooi/1.2168.1737/client-viewer/2950.chunk.min.js]
[atul999.wixsite.com/pricing/challenge-page/location.html]
[static.parastorage.com/services/challenges-web-ooi/1.2168.1737/client-viewer/3977.chunk.min.js]
[static.parastorage.com/services/challenges-web-ooi/1.2168.1737/client-viewer/641.chunk.min.js]
[static.parastorage.com/services/challenges-web-ooi/1.2168.1737/client-viewer/2608.chunk.min.js]
[atul999.wixsite.com/pricing/profile/atulpr437/profile.html]
[atul999.wixsite.com/pricing/challenge-page/sitemap.68.delayed]
[atul999.wixsite.com/pricing/challenge-page/robots.html]
[atul999.wixsite.com/pricing/challenge-page/feed.69.delayed]
[atul999.wixsite.com/pricing/challenge-page/${n.html]
[atul999.wixsite.com/pricing/challenge-page/decodeURIComponent(e.6b.delayed]
[atul999.wixsite.com/pricing/challenge-page/277fbd89-775b-4464-ae08-d4087620fbfa.html]
[atul999.wixsite.com/pricing/challenge-page/4816bf27-5e4f-4633-9647-ffe421f1fb3d.html]
[atul999.wixsite.com/pricing/challenge-page/5d39a06c-f262-43c7-ac7e-44ddab4501a0.html]
[atul999.wixsite.com/pricing/post/location.6c.delayed]
[static.parastorage.com/services/communities-blog-ooi/1.1781.0/client-viewer/1555.chunk.min.js]
[static.parastorage.com/services/communities-blog-ooi/1.1781.0/client-viewer/5706.chunk.min.js]
[static.parastorage.com/services/communities-blog-ooi/1.1781.0/client-viewer/8091.chunk.min.js]
[static.parastorage.com/services/communities-blog-ooi/1.1781.0/client-viewer/8424.chunk.min.js]
[static.parastorage.com/services/communities-blog-ooi/1.1781.0/client-viewer/2816.chunk.min.js]
[static.parastorage.com/services/communities-blog-ooi/1.1781.0/client-viewer/3113.chunk.min.js]
[static.parastorage.com/services/communities-blog-ooi/1.1781.0/client-viewer/6100.chunk.min.js]
[static.parastorage.com/services/communities-blog-ooi/1.1781.0/client-viewer/rich-content-viewer.chunk.min.js]
[atul999.wixsite.com/pricing/blog/hashtags/dream.html]
[atul999.wixsite.com/pricing/blog/hashtags/summer.html]
[atul999.wixsite.com/pricing/post/robots.77.delayed]
[atul999.wixsite.com/pricing/post/sitemap.78.delayed]
[atul999.wixsite.com/pricing/post/feed.79.delayed]
[atul999.wixsite.com/pricing/post/${n.7a.delayed]
[atul999.wixsite.com/pricing/post/decodeURIComponent(e.7b.delayed]
[atul999.wixsite.com/pricing/post/8-technology-trends-that-will-dominate-this-year.html]
[atul999.wixsite.com/pricing/post/big-data-101-an-introduction-to-data-query-engines.html]
[atul999.wixsite.com/pricing/post/the-online-database-migration-guide.html]
[atul999.wixsite.com/pricing/post/top-data-integration-use-cases-for-the-year-ahead.html]
[atul999.wixsite.com/pricing/post/top-10-sales-skills-you-must-master.html]
[atul999.wixsite.com/pricing/post/now-is-the-time-for-revenue-intelligence.html]
[atul999.wixsite.com/pricing/post/how-to-make-data-science-workflow-efficient.html]
[atul999.wixsite.com/pricing/post/you-have-your-sales-forecast-now-what.html]
[atul999.wixsite.com/pricing/blog/hashtags/hashtag.html]
[atul999.wixsite.com/pricing/product-page/location.7d.delayed]
[static.wixstatic.com/media/a9ff3b_9928686dcfa740bd802821d0b6f4ac03.jpg/v1/fill/w_996,h_996,al_c,q_85,usm_0.66_1.00_0.01/a9ff3b_9928686dcfa740bd802821d0b6f4ac03.jpg]
[static.wixstatic.com/media/a9ff3b_b2039d1e6a954631a41b85d674400f19.jpg/v1/fill/w_996,h_996,al_c,q_85,usm_0.66_1.00_0.01/a9ff3b_b2039d1e6a954631a41b85d674400f19.jpg]
[static.wixstatic.com/media/a9ff3b_e7d0c0544be94523905cb9b9c7720cf9.jpg/v1/fill/w_996,h_996,al_c,q_85,usm_0.66_1.00_0.01/a9ff3b_e7d0c0544be94523905cb9b9c7720cf9.jpg]
[static.wixstatic.com/media/a9ff3b_9928686dcfa740bd802821d0b6f4ac03.jpg/v1/fill/w_45,h_45,al_c,q_50,usm_0.66_1.00_0.01/a9ff3b_9928686dcfa740bd802821d0b6f4ac03.jpg]
[static.wixstatic.com/media/a9ff3b_b2039d1e6a954631a41b85d674400f19.jpg/v1/fill/w_45,h_45,al_c,q_50,usm_0.66_1.00_0.01/a9ff3b_b2039d1e6a954631a41b85d674400f19.jpg]
[static.wixstatic.com/media/a9ff3b_e7d0c0544be94523905cb9b9c7720cf9.jpg/v1/fill/w_45,h_45,al_c,q_50,usm_0.66_1.00_0.01/a9ff3b_e7d0c0544be94523905cb9b9c7720cf9.jpg]
[atul999.wixsite.com/pricing/product-page/robots.84.delayed]
[atul999.wixsite.com/pricing/product-page/sitemap.85.delayed]
[atul999.wixsite.com/pricing/product-page/feed.86.delayed]
[atul999.wixsite.com/pricing/product-page/${n.87.delayed]
[atul999.wixsite.com/pricing/product-page/decodeURIComponent(e.88.delayed]
[atul999.wixsite.com/pricing/product-page/i-m-a-product.html]
[static.wixstatic.com/media/a9ff3b_1eec973ae9eb43f4bca9876e5d90f6fa.jpg/v1/fill/w_996,h_996,al_c,q_85,usm_0.66_1.00_0.01/a9ff3b_1eec973ae9eb43f4bca9876e5d90f6fa.jpg]
[static.wixstatic.com/media/a9ff3b_4b1550da0a014dea9d8dca081ce5b424.jpg/v1/fill/w_996,h_996,al_c,q_85,usm_0.66_1.00_0.01/a9ff3b_4b1550da0a014dea9d8dca081ce5b424.jpg]
[static.wixstatic.com/media/a9ff3b_1400c2edbac2483a8b993b4521f0cd06.jpg/v1/fill/w_996,h_996,al_c,q_85,usm_0.66_1.00_0.01/a9ff3b_1400c2edbac2483a8b993b4521f0cd06.jpg]
[static.wixstatic.com/media/a9ff3b_81b96254c64f474094480755abaa92d6.jpg/v1/fill/w_996,h_996,al_c,q_85,usm_0.66_1.00_0.01/a9ff3b_81b96254c64f474094480755abaa92d6.jpg]
[static.wixstatic.com/media/a9ff3b_1eec973ae9eb43f4bca9876e5d90f6fa.jpg/v1/fill/w_45,h_45,al_c,q_50,usm_0.66_1.00_0.01/a9ff3b_1eec973ae9eb43f4bca9876e5d90f6fa.jpg]
[static.wixstatic.com/media/a9ff3b_4b1550da0a014dea9d8dca081ce5b424.jpg/v1/fill/w_45,h_45,al_c,q_50,usm_0.66_1.00_0.01/a9ff3b_4b1550da0a014dea9d8dca081ce5b424.jpg]
[static.wixstatic.com/media/a9ff3b_1400c2edbac2483a8b993b4521f0cd06.jpg/v1/fill/w_45,h_45,al_c,q_50,usm_0.66_1.00_0.01/a9ff3b_1400c2edbac2483a8b993b4521f0cd06.jpg]
[static.wixstatic.com/media/a9ff3b_81b96254c64f474094480755abaa92d6.jpg/v1/fill/w_45,h_45,al_c,q_50,usm_0.66_1.00_0.01/a9ff3b_81b96254c64f474094480755abaa92d6.jpg]
[atul999.wixsite.com/pricing/product-page/i-m-a-product-1.html]
[static.wixstatic.com/media/a9ff3b_119100d8c0144221b2f6733f4d205d2e.jpg/v1/fill/w_996,h_996,al_c,q_85,usm_0.66_1.00_0.01/a9ff3b_119100d8c0144221b2f6733f4d205d2e.jpg]
[static.wixstatic.com/media/a9ff3b_2dc1e209d10945a7b4329d2328dfcd7b.jpg/v1/fill/w_996,h_996,al_c,q_85,usm_0.66_1.00_0.01/a9ff3b_2dc1e209d10945a7b4329d2328dfcd7b.jpg]
[static.wixstatic.com/media/a9ff3b_85862b70d0e54a26a0fecd55385e27a3.jpg/v1/fill/w_996,h_996,al_c,q_85,usm_0.66_1.00_0.01/a9ff3b_85862b70d0e54a26a0fecd55385e27a3.jpg]
[static.wixstatic.com/media/a9ff3b_119100d8c0144221b2f6733f4d205d2e.jpg/v1/fill/w_45,h_45,al_c,q_50,usm_0.66_1.00_0.01/a9ff3b_119100d8c0144221b2f6733f4d205d2e.jpg]
[static.wixstatic.com/media/a9ff3b_2dc1e209d10945a7b4329d2328dfcd7b.jpg/v1/fill/w_45,h_45,al_c,q_50,usm_0.66_1.00_0.01/a9ff3b_2dc1e209d10945a7b4329d2328dfcd7b.jpg]
[static.wixstatic.com/media/a9ff3b_85862b70d0e54a26a0fecd55385e27a3.jpg/v1/fill/w_45,h_45,al_c,q_50,usm_0.66_1.00_0.01/a9ff3b_85862b70d0e54a26a0fecd55385e27a3.jpg]
[atul999.wixsite.com/pricing/product-page/i-m-a-product-2.html]
[static.wixstatic.com/media/a9ff3b_c6158b4d41784ae8b08337a331e1de7f.jpg/v1/fill/w_996,h_996,al_c,q_85,usm_0.66_1.00_0.01/a9ff3b_c6158b4d41784ae8b08337a331e1de7f.jpg]
[static.wixstatic.com/media/a9ff3b_4181ada6b8024111b57df31ca9a73863.jpg/v1/fill/w_996,h_996,al_c,q_85,usm_0.66_1.00_0.01/a9ff3b_4181ada6b8024111b57df31ca9a73863.jpg]
[static.wixstatic.com/media/a9ff3b_8f92a97f61524c7fae0cdfca65d91568.jpg/v1/fill/w_996,h_996,al_c,q_85,usm_0.66_1.00_0.01/a9ff3b_8f92a97f61524c7fae0cdfca65d91568.jpg]
[static.wixstatic.com/media/a9ff3b_c6158b4d41784ae8b08337a331e1de7f.jpg/v1/fill/w_45,h_45,al_c,q_50,usm_0.66_1.00_0.01/a9ff3b_c6158b4d41784ae8b08337a331e1de7f.jpg]
[static.wixstatic.com/media/a9ff3b_4181ada6b8024111b57df31ca9a73863.jpg/v1/fill/w_45,h_45,al_c,q_50,usm_0.66_1.00_0.01/a9ff3b_4181ada6b8024111b57df31ca9a73863.jpg]
[static.wixstatic.com/media/a9ff3b_8f92a97f61524c7fae0cdfca65d91568.jpg/v1/fill/w_45,h_45,al_c,q_50,usm_0.66_1.00_0.01/a9ff3b_8f92a97f61524c7fae0cdfca65d91568.jpg]
[atul999.wixsite.com/pricing/product-page/i-m-a-product-3.html]
[static.wixstatic.com/media/a9ff3b_03155a7e79bd4cca9aaf3f0e98378100.jpg/v1/fill/w_996,h_996,al_c,q_85,usm_0.66_1.00_0.01/a9ff3b_03155a7e79bd4cca9aaf3f0e98378100.jpg]
[static.wixstatic.com/media/a9ff3b_4121bbe6516d48278536acade5b02421.jpg/v1/fill/w_996,h_996,al_c,q_85,usm_0.66_1.00_0.01/a9ff3b_4121bbe6516d48278536acade5b02421.jpg]
[static.wixstatic.com/media/a9ff3b_c36aa04b212b4449a8081572e513a1a5.jpg/v1/fill/w_996,h_996,al_c,q_85,usm_0.66_1.00_0.01/a9ff3b_c36aa04b212b4449a8081572e513a1a5.jpg]
[static.wixstatic.com/media/a9ff3b_491534cec39f49308db9a5d2832e8f74.jpg/v1/fill/w_996,h_996,al_c,q_85,usm_0.66_1.00_0.01/a9ff3b_491534cec39f49308db9a5d2832e8f74.jpg]
[static.wixstatic.com/media/a9ff3b_03155a7e79bd4cca9aaf3f0e98378100.jpg/v1/fill/w_45,h_45,al_c,q_50,usm_0.66_1.00_0.01/a9ff3b_03155a7e79bd4cca9aaf3f0e98378100.jpg]
[static.wixstatic.com/media/a9ff3b_4121bbe6516d48278536acade5b02421.jpg/v1/fill/w_45,h_45,al_c,q_50,usm_0.66_1.00_0.01/a9ff3b_4121bbe6516d48278536acade5b02421.jpg]
[static.wixstatic.com/media/a9ff3b_c36aa04b212b4449a8081572e513a1a5.jpg/v1/fill/w_45,h_45,al_c,q_50,usm_0.66_1.00_0.01/a9ff3b_c36aa04b212b4449a8081572e513a1a5.jpg]
[static.wixstatic.com/media/a9ff3b_491534cec39f49308db9a5d2832e8f74.jpg/v1/fill/w_45,h_45,al_c,q_50,usm_0.66_1.00_0.01/a9ff3b_491534cec39f49308db9a5d2832e8f74.jpg]
[atul999.wixsite.com/pricing/product-page/i-m-a-product-4.html]
[static.wixstatic.com/media/a9ff3b_5bc54b597d67423d8022157cef968f7b.jpg/v1/fill/w_996,h_996,al_c,q_85,usm_0.66_1.00_0.01/a9ff3b_5bc54b597d67423d8022157cef968f7b.jpg]
[static.wixstatic.com/media/a9ff3b_1e66a0a1739b419093a0a7ad9fd2b029.jpg/v1/fill/w_996,h_996,al_c,q_85,usm_0.66_1.00_0.01/a9ff3b_1e66a0a1739b419093a0a7ad9fd2b029.jpg]
[static.wixstatic.com/media/a9ff3b_9293cc23a71f4499a56e551ab2ac87c5.jpg/v1/fill/w_996,h_996,al_c,q_85,usm_0.66_1.00_0.01/a9ff3b_9293cc23a71f4499a56e551ab2ac87c5.jpg]
[static.wixstatic.com/media/a9ff3b_5bc54b597d67423d8022157cef968f7b.jpg/v1/fill/w_45,h_45,al_c,q_50,usm_0.66_1.00_0.01/a9ff3b_5bc54b597d67423d8022157cef968f7b.jpg]
[static.wixstatic.com/media/a9ff3b_1e66a0a1739b419093a0a7ad9fd2b029.jpg/v1/fill/w_45,h_45,al_c,q_50,usm_0.66_1.00_0.01/a9ff3b_1e66a0a1739b419093a0a7ad9fd2b029.jpg]
[static.wixstatic.com/media/a9ff3b_9293cc23a71f4499a56e551ab2ac87c5.jpg/v1/fill/w_45,h_45,al_c,q_50,usm_0.66_1.00_0.01/a9ff3b_9293cc23a71f4499a56e551ab2ac87c5.jpg]
[atul999.wixsite.com/pricing/product-page/i-m-a-product-5.html]
[static.wixstatic.com/media/a9ff3b_5e32b6d9419343c29c68e9173b5461e0.jpg/v1/fill/w_996,h_996,al_c,q_85,usm_0.66_1.00_0.01/a9ff3b_5e32b6d9419343c29c68e9173b5461e0.jpg]
[static.wixstatic.com/media/a9ff3b_a71f9a5bd820418dbafbf56578b34c2a.jpg/v1/fill/w_996,h_996,al_c,q_85,usm_0.66_1.00_0.01/a9ff3b_a71f9a5bd820418dbafbf56578b34c2a.jpg]
[static.wixstatic.com/media/a9ff3b_ecd1a8bfeaf34bcd897c87f58cef90d4.jpg/v1/fill/w_996,h_996,al_c,q_85,usm_0.66_1.00_0.01/a9ff3b_ecd1a8bfeaf34bcd897c87f58cef90d4.jpg]
[static.wixstatic.com/media/a9ff3b_5e32b6d9419343c29c68e9173b5461e0.jpg/v1/fill/w_45,h_45,al_c,q_50,usm_0.66_1.00_0.01/a9ff3b_5e32b6d9419343c29c68e9173b5461e0.jpg]
[static.wixstatic.com/media/a9ff3b_a71f9a5bd820418dbafbf56578b34c2a.jpg/v1/fill/w_45,h_45,al_c,q_50,usm_0.66_1.00_0.01/a9ff3b_a71f9a5bd820418dbafbf56578b34c2a.jpg]
[static.wixstatic.com/media/a9ff3b_ecd1a8bfeaf34bcd897c87f58cef90d4.jpg/v1/fill/w_45,h_45,al_c,q_50,usm_0.66_1.00_0.01/a9ff3b_ecd1a8bfeaf34bcd897c87f58cef90d4.jpg]
[atul999.wixsite.com/pricing/product-page/i-m-a-product-6.html]
[static.wixstatic.com/media/a9ff3b_ea68bd8398ac489a8e4e8b99755f96b0.jpg/v1/fill/w_996,h_996,al_c,q_85,usm_0.66_1.00_0.01/a9ff3b_ea68bd8398ac489a8e4e8b99755f96b0.jpg]
[static.wixstatic.com/media/a9ff3b_a943ab358e5b4980be1f449ea375e949.jpg/v1/fill/w_996,h_996,al_c,q_85,usm_0.66_1.00_0.01/a9ff3b_a943ab358e5b4980be1f449ea375e949.jpg]
[static.wixstatic.com/media/a9ff3b_bee01048c58e4d97b640f34075df0f3c.jpg/v1/fill/w_996,h_996,al_c,q_85,usm_0.66_1.00_0.01/a9ff3b_bee01048c58e4d97b640f34075df0f3c.jpg]
[static.wixstatic.com/media/a9ff3b_2d250e05a86a4a9ca4040269efba6101.jpg/v1/fill/w_996,h_996,al_c,q_85,usm_0.66_1.00_0.01/a9ff3b_2d250e05a86a4a9ca4040269efba6101.jpg]
[static.wixstatic.com/media/a9ff3b_ea68bd8398ac489a8e4e8b99755f96b0.jpg/v1/fill/w_45,h_45,al_c,q_50,usm_0.66_1.00_0.01/a9ff3b_ea68bd8398ac489a8e4e8b99755f96b0.jpg]
[static.wixstatic.com/media/a9ff3b_a943ab358e5b4980be1f449ea375e949.jpg/v1/fill/w_45,h_45,al_c,q_50,usm_0.66_1.00_0.01/a9ff3b_a943ab358e5b4980be1f449ea375e949.jpg]
[static.wixstatic.com/media/a9ff3b_bee01048c58e4d97b640f34075df0f3c.jpg/v1/fill/w_45,h_45,al_c,q_50,usm_0.66_1.00_0.01/a9ff3b_bee01048c58e4d97b640f34075df0f3c.jpg]
[static.wixstatic.com/media/a9ff3b_2d250e05a86a4a9ca4040269efba6101.jpg/v1/fill/w_45,h_45,al_c,q_50,usm_0.66_1.00_0.01/a9ff3b_2d250e05a86a4a9ca4040269efba6101.jpg]
[atul999.wixsite.com/pricing/product-page/i-m-a-product-7.html]
[static.wixstatic.com/media/a9ff3b_849d96e85f044bc7ae0a47f78d9a898b.jpg/v1/fill/w_996,h_996,al_c,q_85,usm_0.66_1.00_0.01/a9ff3b_849d96e85f044bc7ae0a47f78d9a898b.jpg]
[static.wixstatic.com/media/a9ff3b_bdeb8c91d120488a9cdc483553fc87de.jpg/v1/fill/w_996,h_996,al_c,q_85,usm_0.66_1.00_0.01/a9ff3b_bdeb8c91d120488a9cdc483553fc87de.jpg]
[static.wixstatic.com/media/a9ff3b_0d3eafb99c46485fb45425b766126631.jpg/v1/fill/w_996,h_996,al_c,q_85,usm_0.66_1.00_0.01/a9ff3b_0d3eafb99c46485fb45425b766126631.jpg]
[static.wixstatic.com/media/a9ff3b_849d96e85f044bc7ae0a47f78d9a898b.jpg/v1/fill/w_45,h_45,al_c,q_50,usm_0.66_1.00_0.01/a9ff3b_849d96e85f044bc7ae0a47f78d9a898b.jpg]
[static.wixstatic.com/media/a9ff3b_bdeb8c91d120488a9cdc483553fc87de.jpg/v1/fill/w_45,h_45,al_c,q_50,usm_0.66_1.00_0.01/a9ff3b_bdeb8c91d120488a9cdc483553fc87de.jpg]
[static.wixstatic.com/media/a9ff3b_0d3eafb99c46485fb45425b766126631.jpg/v1/fill/w_45,h_45,al_c,q_50,usm_0.66_1.00_0.01/a9ff3b_0d3eafb99c46485fb45425b766126631.jpg]
[atul999.wixsite.com/pricing/product-page/i-m-a-product-8.html]
[static.wixstatic.com/media/a9ff3b_18ef3d9c8058444ea08059329237a1f2.jpg/v1/fill/w_996,h_996,al_c,q_85,usm_0.66_1.00_0.01/a9ff3b_18ef3d9c8058444ea08059329237a1f2.jpg]
[static.wixstatic.com/media/a9ff3b_a7a3f25cb2fb46dcabf34d079498f371.jpg/v1/fill/w_996,h_996,al_c,q_85,usm_0.66_1.00_0.01/a9ff3b_a7a3f25cb2fb46dcabf34d079498f371.jpg]
[static.wixstatic.com/media/a9ff3b_5ad4db0e94b946eba4e163a42377b4c4.jpg/v1/fill/w_996,h_996,al_c,q_85,usm_0.66_1.00_0.01/a9ff3b_5ad4db0e94b946eba4e163a42377b4c4.jpg]
[static.wixstatic.com/media/a9ff3b_18ef3d9c8058444ea08059329237a1f2.jpg/v1/fill/w_45,h_45,al_c,q_50,usm_0.66_1.00_0.01/a9ff3b_18ef3d9c8058444ea08059329237a1f2.jpg]
[static.wixstatic.com/media/a9ff3b_a7a3f25cb2fb46dcabf34d079498f371.jpg/v1/fill/w_45,h_45,al_c,q_50,usm_0.66_1.00_0.01/a9ff3b_a7a3f25cb2fb46dcabf34d079498f371.jpg]
[static.wixstatic.com/media/a9ff3b_5ad4db0e94b946eba4e163a42377b4c4.jpg/v1/fill/w_45,h_45,al_c,q_50,usm_0.66_1.00_0.01/a9ff3b_5ad4db0e94b946eba4e163a42377b4c4.jpg]
[atul999.wixsite.com/pricing/product-page/i-m-a-product-9.html]
[static.wixstatic.com/media/a9ff3b_f9b427f2017641468a0b939aa26777b5.jpg/v1/fill/w_996,h_996,al_c,q_85,usm_0.66_1.00_0.01/a9ff3b_f9b427f2017641468a0b939aa26777b5.jpg]
[static.wixstatic.com/media/a9ff3b_368c28dfbd9a4a47a7db85fe6c956996.jpg/v1/fill/w_996,h_996,al_c,q_85,usm_0.66_1.00_0.01/a9ff3b_368c28dfbd9a4a47a7db85fe6c956996.jpg]
[static.wixstatic.com/media/a9ff3b_4766ba1e7c6c487f942d21ff962d902d.jpg/v1/fill/w_996,h_996,al_c,q_85,usm_0.66_1.00_0.01/a9ff3b_4766ba1e7c6c487f942d21ff962d902d.jpg]
[static.wixstatic.com/media/a9ff3b_f9b427f2017641468a0b939aa26777b5.jpg/v1/fill/w_45,h_45,al_c,q_50,usm_0.66_1.00_0.01/a9ff3b_f9b427f2017641468a0b939aa26777b5.jpg]
[static.wixstatic.com/media/a9ff3b_368c28dfbd9a4a47a7db85fe6c956996.jpg/v1/fill/w_45,h_45,al_c,q_50,usm_0.66_1.00_0.01/a9ff3b_368c28dfbd9a4a47a7db85fe6c956996.jpg]
[static.wixstatic.com/media/a9ff3b_4766ba1e7c6c487f942d21ff962d902d.jpg/v1/fill/w_45,h_45,al_c,q_50,usm_0.66_1.00_0.01/a9ff3b_4766ba1e7c6c487f942d21ff962d902d.jpg]
[atul999.wixsite.com/pricing/product-page/i-m-a-product-10.html]
[static.wixstatic.com/media/a9ff3b_ed3b544c319b4fad9c222c791a997832.jpg/v1/fill/w_996,h_996,al_c,q_85,usm_0.66_1.00_0.01/a9ff3b_ed3b544c319b4fad9c222c791a997832.jpg]
[static.wixstatic.com/media/a9ff3b_779cdb925bf04bf58be912cb8a946432.jpg/v1/fill/w_996,h_996,al_c,q_85,usm_0.66_1.00_0.01/a9ff3b_779cdb925bf04bf58be912cb8a946432.jpg]
[static.wixstatic.com/media/a9ff3b_20ebbe17c66f40e2b27c99c900b98547.jpg/v1/fill/w_996,h_996,al_c,q_85,usm_0.66_1.00_0.01/a9ff3b_20ebbe17c66f40e2b27c99c900b98547.jpg]
[static.wixstatic.com/media/a9ff3b_ed3b544c319b4fad9c222c791a997832.jpg/v1/fill/w_45,h_45,al_c,q_50,usm_0.66_1.00_0.01/a9ff3b_ed3b544c319b4fad9c222c791a997832.jpg]
[static.wixstatic.com/media/a9ff3b_779cdb925bf04bf58be912cb8a946432.jpg/v1/fill/w_45,h_45,al_c,q_50,usm_0.66_1.00_0.01/a9ff3b_779cdb925bf04bf58be912cb8a946432.jpg]
[static.wixstatic.com/media/a9ff3b_20ebbe17c66f40e2b27c99c900b98547.jpg/v1/fill/w_45,h_45,al_c,q_50,usm_0.66_1.00_0.01/a9ff3b_20ebbe17c66f40e2b27c99c900b98547.jpg]
[atul999.wixsite.com/pricing/product-page/i-m-a-product-11.html]
[atul999.wixsite.com/pricing/challenge-page/location.html]
[atul999.wixsite.com/pricing/profile/atulpr437/location.d1.delayed]
[static.parastorage.com/services/members-about-ooi/1.2180.0/client-viewer/2412.chunk.min.js]
[static.parastorage.com/services/members-about-ooi/1.2180.0/client-viewer/RootWidget.chunk.min.js]
[static.parastorage.com/services/profile-card-tpa-ooi/1.2417.0/client-viewer/DesktopRootWidget.chunk.min.js]
[static.parastorage.com/services/profile-card-tpa-ooi/1.2417.0/client-viewer/318.chunk.min.js]
[static.parastorage.com/services/profile-card-tpa-ooi/1.2417.0/client-viewer/89.chunk.min.js]
[static.parastorage.com/services/profile-card-tpa-ooi/1.2417.0/client-viewer/DesktopResponsiveRootWidget.chunk.min.js]
[atul999.wixsite.com/pricing/profile/atulpr437/robots.d8.delayed]
[atul999.wixsite.com/pricing/profile/atulpr437/sitemap.d9.delayed]
[atul999.wixsite.com/pricing/profile/atulpr437/feed.da.delayed]
[atul999.wixsite.com/pricing/profile/atulpr437/${n.db.delayed]
[atul999.wixsite.com/pricing/profile/atulpr437/profile.html]
[atul999.wixsite.com/pricing/challenge-page/robots.html]
[atul999.wixsite.com/pricing/challenge-page/sitemap.html]
[atul999.wixsite.com/pricing/challenge-page/feed.html]
[atul999.wixsite.com/pricing/challenge-page/${n.html]
[atul999.wixsite.com/pricing/challenge-page/decodeURIComponent(e.html]
[atul999.wixsite.com/pricing/post/location.html]
[atul999.wixsite.com/pricing/profile/atulpr437/decodeURIComponent(e.html]
[atul999.wixsite.com/pricing/blog/hashtags/location.dd.delayed]
[atul999.wixsite.com/pricing/blog/hashtags/robots.de.delayed]
[atul999.wixsite.com/pricing/blog/hashtags/sitemap.df.delayed]
[atul999.wixsite.com/pricing/blog/hashtags/feed.e0.delayed]
[atul999.wixsite.com/pricing/blog/hashtags/${n.e1.delayed]
[atul999.wixsite.com/pricing/blog/hashtags/decodeURIComponent(e.e2.delayed]
[atul999.wixsite.com/pricing/blog/hashtags/dream.html]
[atul999.wixsite.com/pricing/blog/hashtags/summer.html]
[atul999.wixsite.com/pricing/post/robots.html]
[atul999.wixsite.com/pricing/post/sitemap.html]
[atul999.wixsite.com/pricing/post/feed.html]
[atul999.wixsite.com/pricing/post/${n.html]
[atul999.wixsite.com/pricing/post/decodeURIComponent(e.html]
[atul999.wixsite.com/pricing/blog/hashtags/hashtag.html]
[atul999.wixsite.com/pricing/product-page/location.html]
[atul999.wixsite.com/pricing/product-page/robots.html]
[atul999.wixsite.com/pricing/product-page/sitemap.html]
[atul999.wixsite.com/pricing/product-page/feed.html]
[atul999.wixsite.com/pricing/product-page/${n.html]
[atul999.wixsite.com/pricing/product-page/decodeURIComponent(e.html]
[atul999.wixsite.com/pricing/profile/atulpr437/location.html]
[atul999.wixsite.com/pricing/profile/atulpr437/robots.html]
[atul999.wixsite.com/pricing/profile/atulpr437/sitemap.html]
[atul999.wixsite.com/pricing/profile/atulpr437/feed.html]
[atul999.wixsite.com/pricing/profile/atulpr437/${n.html]
[atul999.wixsite.com/pricing/profile/atulpr437/decodeURIComponent(e.html]
[atul999.wixsite.com/pricing/blog/hashtags/location.html]
[atul999.wixsite.com/pricing/blog/hashtags/robots.html]
[atul999.wixsite.com/pricing/blog/hashtags/sitemap.html]
[atul999.wixsite.com/pricing/blog/hashtags/feed.html]
[atul999.wixsite.com/pricing/blog/hashtags/${n.html]
[atul999.wixsite.com/pricing/blog/hashtags/decodeURIComponent(e.html]
